1 1
3 1001
32 00
34 00
36 00
38 00
40 00
42 00
44 00
47 11
49 11
51 11
53 11
55 11
57 101
59 101
61 101
63 101
65 101
67 101
69 101
71 101
73 1001
75 1001
77 1001
79 111
81 111
83 111
91 1001
93 1001
95 1001
97 10001
99 10001
101 10001
107 10101
109 10101
121 1111
123 1111
129 10001
131 10001
133 100001
135 100001
145 10101
155 101101
165 11011
177 11111
183 100001
185 1000001
195 1001001
197 1001001
211 1010101
213 101101
221 1011101
227 110011
253 111111
257 1000001
259 10000001
273 1001001
281 10011001
293 10100101
295 1010101
